<?xml version="1.0" encoding="UTF-8"?>
<!-- Generated by org.testng.reporters.JUnitReportReporter -->
<testsuite skipped="0" hostname="dell" name="com.actitime.generic.demo1" tests="1" failures="0" timestamp="27 Oct 2017 01:45:06 GMT" time="16.987" errors="0">
  <testcase name="m1" time="16.987" classname="com.actitime.generic.demo1"/>
</testsuite> <!-- com.actitime.generic.demo1 -->
