<?xml version="1.0" encoding="UTF-8"?>
<!-- Generated by org.testng.reporters.JUnitReportReporter -->
<testsuite skipped="0" hostname="dell" name="com.actitime.generic.BaseTest" tests="2" failures="0" timestamp="21 Nov 2017 06:45:25 GMT" time="20.713" errors="0">
  <testcase name="precondition" time="20.511" classname="com.actitime.generic.BaseTest"/>
  <testcase name="postcondition" time="0.202" classname="com.actitime.generic.BaseTest"/>
</testsuite> <!-- com.actitime.generic.BaseTest -->
