<?xml version="1.0" encoding="UTF-8"?>
<!-- Generated by org.testng.reporters.JUnitReportReporter -->
<testsuite skipped="0" hostname="dell" name="com.actitime.tests.Login" tests="1" failures="0" timestamp="22 Nov 2017 14:52:22 GMT" time="35.826" errors="0">
  <testcase name="testLoginPage" time="35.826" classname="com.actitime.tests.Login"/>
</testsuite> <!-- com.actitime.tests.Login -->
